-------------------------------------------------------------------------------
Test set: ContaTest
-------------------------------------------------------------------------------
Tests run: 1, Failures: 1, Errors: 0, Skipped: 0, Time elapsed: 0.001 s <<< FAILURE! - in ContaTest
depositarTest  Time elapsed: 0.001 s  <<< FAILURE!
org.opentest4j.AssertionFailedError: expected: <1000.0> but was: <1010.0>
	at ContaTest.depositarTest(ContaTest.java:9)

