<?xml version="1.0" encoding="UTF-8"?>
<testsuite xmlns:xsi="http://www.w3.org/2001/XMLSchema-instance" xsi:noNamespaceSchemaLocation="https://maven.apache.org/surefire/maven-surefire-plugin/xsd/surefire-test-report.xsd" name="ContaTest" time="0.001" tests="1" errors="0" skipped="0" failures="1">
  <properties>
[...]
</properties>
  <testcase name="depositarTest" classname="ContaTest" time="0.001">
    <failure message="expected: &lt;1000.0&gt; but was: &lt;1010.0&gt;" type="org.opentest4j.AssertionFailedError"><![CDATA[org.opentest4j.AssertionFailedError: expected: <1000.0> but was: <1010.0>
	at ContaTest.depositarTest(ContaTest.java:9)
]]></failure>
  </testcase>
</testsuite>